  area of a circle.cpp
C:\Users\KOSTA\Documents\GitHub\Road-to-web-fullstack\Working on C\C 수업\area of a circle.cpp(5,13): warning C4326: 'main'의 반환 형식이 'int'이어야 하는데 'void'입니다.
  area of a square.cpp
C:\Users\KOSTA\Documents\GitHub\Road-to-web-fullstack\Working on C\C 수업\area of a square.cpp(5,13): warning C4326: 'main'의 반환 형식이 'int'이어야 하는데 'void'입니다.
  areaa.cpp
C:\Users\KOSTA\Documents\GitHub\Road-to-web-fullstack\Working on C\C 수업\areaa.cpp(5,13): warning C4326: 'main'의 반환 형식이 'int'이어야 하는데 'void'입니다.
  array.cpp
C:\Users\KOSTA\Documents\GitHub\Road-to-web-fullstack\Working on C\C 수업\array.cpp(104,10): warning C4477: 'printf' : 서식 문자열 '%d'에 'int' 형식의 인수가 필요하지만 variadic 인수 1의 형식이 'int *'입니다.
C:\Users\KOSTA\Documents\GitHub\Road-to-web-fullstack\Working on C\C 수업\array.cpp(104,10): warning C4313: 'printf': 서식 문자열의 '%d'이(가) int *' 형식의 인수 1과(와) 충돌합니다.
C:\Users\KOSTA\Documents\GitHub\Road-to-web-fullstack\Working on C\C 수업\array.cpp(109,9): warning C4477: 'printf' : 서식 문자열 '%d'에 'int' 형식의 인수가 필요하지만 variadic 인수 1의 형식이 'int *'입니다.
C:\Users\KOSTA\Documents\GitHub\Road-to-web-fullstack\Working on C\C 수업\array.cpp(109,9): warning C4313: 'printf': 서식 문자열의 '%d'이(가) int *' 형식의 인수 1과(와) 충돌합니다.
  array_2.cpp
  call-by-value.cpp
  comparing numbers.cpp
C:\Users\KOSTA\Documents\GitHub\Road-to-web-fullstack\Working on C\C 수업\comparing numbers.cpp(6,13): warning C4326: 'main'의 반환 형식이 'int'이어야 하는데 'void'입니다.
  do-while.cpp
  switch.cpp
  vending machine.cpp
C:\Users\KOSTA\Documents\GitHub\Road-to-web-fullstack\Working on C\C 수업\vending machine.cpp(5,13): warning C4326: 'main'의 반환 형식이 'int'이어야 하는데 'void'입니다.
  구조체.cpp
  구조체변수.cpp
  메모리 지속시간.cpp
C:\Users\KOSTA\Documents\GitHub\Road-to-web-fullstack\Working on C\C 수업\메모리 지속시간.cpp(6,17): warning C4326: 'main'의 반환 형식이 'int'이어야 하는데 'void'입니다.
  사칙연산.cpp
  전역변수.cpp
  참조호출.cpp
  포문.cpp
C:\Users\KOSTA\Documents\GitHub\Road-to-web-fullstack\Working on C\C 수업\포문.cpp(60,13): warning C4326: 'main'의 반환 형식이 'int'이어야 하는데 'void'입니다.
  코드를 생성하고 있습니다...
C:\Users\KOSTA\Documents\GitHub\Road-to-web-fullstack\Working on C\C 수업\vending machine.cpp(32): warning C4715: 'coin': 모든 제어 경로에서 값을 반환하지는 않습니다.
area of a square.obj : error LNK2005: main이(가) area of a circle.obj에 이미 정의되어 있습니다.
areaa.obj : error LNK2005: "void __cdecl area(int,int)" (?area@@YAXHH@Z)이(가) area of a square.obj에 이미 정의되어 있습니다.
areaa.obj : error LNK2005: main이(가) area of a circle.obj에 이미 정의되어 있습니다.
array.obj : error LNK2005: main이(가) area of a circle.obj에 이미 정의되어 있습니다.
array_2.obj : error LNK2005: main이(가) area of a circle.obj에 이미 정의되어 있습니다.
call-by-value.obj : error LNK2005: main이(가) area of a circle.obj에 이미 정의되어 있습니다.
comparing numbers.obj : error LNK2005: main이(가) area of a circle.obj에 이미 정의되어 있습니다.
do-while.obj : error LNK2005: main이(가) area of a circle.obj에 이미 정의되어 있습니다.
switch.obj : error LNK2005: main이(가) area of a circle.obj에 이미 정의되어 있습니다.
vending machine.obj : error LNK2005: main이(가) area of a circle.obj에 이미 정의되어 있습니다.
구조체.obj : error LNK2005: main이(가) area of a circle.obj에 이미 정의되어 있습니다.
구조체변수.obj : error LNK2005: main이(가) area of a circle.obj에 이미 정의되어 있습니다.
메모리 지속시간.obj : error LNK2005: main이(가) area of a circle.obj에 이미 정의되어 있습니다.
사칙연산.obj : error LNK2005: main이(가) area of a circle.obj에 이미 정의되어 있습니다.
전역변수.obj : error LNK2005: main이(가) area of a circle.obj에 이미 정의되어 있습니다.
참조호출.obj : error LNK2005: main이(가) area of a circle.obj에 이미 정의되어 있습니다.
포문.obj : error LNK2005: main이(가) area of a circle.obj에 이미 정의되어 있습니다.
C:\Users\KOSTA\Documents\GitHub\Road-to-web-fullstack\Working on C\C 수업\x64\Debug\C 수업.exe : fatal error LNK1169: 여러 번 정의된 기호가 있습니다.
